sty 22, 2025 11:28:29 AM com.srf.services.SVDRecommender computeSVD
INFO: Rozpoczynam obliczenia SVD dla macierzy 619x4983
sty 22, 2025 11:28:29 AM com.srf.services.SVDRecommender calculateRowMeans
INFO: Obliczam średnie ocen dla użytkowników...
sty 22, 2025 11:28:29 AM com.srf.services.SVDRecommender createNormalizedMatrix
INFO: Tworzę znormalizowaną macierz...
sty 22, 2025 11:28:29 AM com.srf.services.SVDRecommender computeSVD
INFO: Rozpoczynam dekompozycję SVD...
sty 22, 2025 11:29:02 AM com.srf.services.SVDRecommender computeSVD
INFO: Redukuję wymiary do k=20
sty 22, 2025 11:29:02 AM com.srf.services.SVDRecommender reconstructMatrix
INFO: Rekonstruuję macierz ze zredukowaną liczbą wymiarów...
sty 22, 2025 11:29:03 AM com.srf.services.SVDRecommender denormalizeAndClampResults
INFO: Denormalizuję i ograniczam wartości końcowych ocen...
sty 22, 2025 11:30:58 AM com.srf.services.SVDRecommender computeSVD
INFO: Rozpoczynam obliczenia SVD dla macierzy 619x4983
sty 22, 2025 11:30:58 AM com.srf.services.SVDRecommender calculateRowMeans
INFO: Obliczam średnie ocen dla użytkowników...
sty 22, 2025 11:30:58 AM com.srf.services.SVDRecommender createNormalizedMatrix
INFO: Tworzę znormalizowaną macierz...
sty 22, 2025 11:30:58 AM com.srf.services.SVDRecommender computeSVD
INFO: Rozpoczynam dekompozycję SVD...
sty 22, 2025 11:31:30 AM com.srf.services.SVDRecommender computeSVD
INFO: Redukuję wymiary do k=20
sty 22, 2025 11:31:30 AM com.srf.services.SVDRecommender reconstructMatrix
INFO: Rekonstruuję macierz ze zredukowaną liczbą wymiarów...
sty 22, 2025 11:31:31 AM com.srf.services.SVDRecommender denormalizeAndClampResults
INFO: Denormalizuję i ograniczam wartości końcowych ocen...
